import { registerInstance as __stencil_registerInstance } from "@stencil/core";
import gql from 'graphql-tag';
import { h } from "@stencil/core";
const UpvotePostDocument = gql `
    mutation upvotePost($id: Int!) {
  upvotePost(id: $id) {
    id
    votes
  }
}
    `;
const CHANGE_AGENT_STATUS = gql `
  mutation AddTodo($name: String!) {
    upvotePost(name: $name) {
      id
      name
    }
  }
`;
export const UpvotePostComponent = class {
    constructor(hostRef) {
        __stencil_registerInstance(this, hostRef);
    }
    render() {
        return h("apollo-mutation", { mutation: CHANGE_AGENT_STATUS, renderer: this.renderer });
    }
};
