import { registerInstance as __stencil_registerInstance } from "@stencil/core";
import gql from 'graphql-tag';
import { h } from "@stencil/core";
const UpvotePostDocument = gql `
    mutation upvotePost($postId: Int!) {
  upvotePost(postId: $postId) {
    id
    votes
  }
}
    `;
const CHANGE_AGENT_STATUS = gql `
      mutation agentOnlineStatus($id: ID!) {
        updatePosts (id: $id, agentOnline: true) {
          id
          name
          agent_online
        }
      }
  `;
export const UpvotePostComponent = class {
    constructor(hostRef) {
        __stencil_registerInstance(this, hostRef);
    }
    render() {
        return h("apollo-mutation", { mutation: CHANGE_AGENT_STATUS, renderer: this.renderer });
    }
};
