import { registerInstance as __stencil_registerInstance } from "@stencil/core";
import { h } from "@stencil/core";
import gql from 'graphql-tag';
const LAUNCHES_QUERY = gql `
  query LaunchesQuery {
    launches {
      flight_number
      mission_name
      launch_date_local
      launch_success
    }
  }
`;
export const AllPostsComponent = class {
    constructor(hostRef) {
        __stencil_registerInstance(this, hostRef);
    }
    render() {
        return h("apollo-query", { query: LAUNCHES_QUERY, renderer: this.renderer });
    }
};
