import { registerInstance as __stencil_registerInstance } from "@stencil/core";
import gql from 'graphql-tag';
import { h } from "@stencil/core";
const AllPostsDocument = gql `
    query allPosts {
  posts {
    id
    title
    votes
    author {
      id
      firstName
      lastName
    }
  }
}
    `;
export const AllPostsComponent = class {
    constructor(hostRef) {
        __stencil_registerInstance(this, hostRef);
    }
    render() {
        return h("apollo-query", { query: AllPostsDocument, renderer: this.renderer });
    }
};
