import { registerInstance as __stencil_registerInstance, createEvent as __stencil_createEvent, getElement as __stencil_getElement } from "@stencil/core";
import { ApolloProviderConsumer } from "../../utils/apollo-client-state";
export const ApolloMutationComponent = class {
    constructor(hostRef) {
        __stencil_registerInstance(this, hostRef);
        this.readyEventEmitter = __stencil_createEvent(this, "ready", 7);
    }
    componentWillLoad() {
        this.passMutation();
    }
    onPropsChange() {
        this.passMutation();
    }
    async passMutation() {
        if (this.client) {
            this.mutationFn = args => this.client.mutate(Object.assign({ mutation: this.mutation, variables: this.variables }, this.options, args));
            this.readyEventEmitter.emit(this.mutationFn);
        }
        else {
            throw new Error('You should wrap your parent component with apollo-provider custom element or ApolloProvider functional component');
        }
    }
    render() {
        return this.renderer && this.renderer(this.mutationFn);
    }
    get el() { return __stencil_getElement(this); }
    static get watchers() { return {
        "client": ["onPropsChange"],
        "mutation": ["onPropsChange"],
        "variables": ["onPropsChange"],
        "renderer": ["onPropsChange"],
        "options": ["onPropsChange"]
    }; }
};
ApolloProviderConsumer.injectProps(ApolloMutationComponent, ['client']);
